<?xml version="1.0" encoding="UTF-8"?>
<!-- Generated by org.testng.reporters.JUnitReportReporter -->
<testsuite skipped="0" hostname="DESKTOP-DTP0SGS" name="testCases.GET_Read_A_Products" tests="1" failures="0" timestamp="14 Apr 2021 01:04:58 GMT" time="6.844" errors="0">
  <testcase name="read_a_products" time="6.844" classname="testCases.GET_Read_A_Products"/>
</testsuite> <!-- testCases.GET_Read_A_Products -->
