<?xml version="1.0" encoding="UTF-8"?>
<!-- Generated by org.testng.reporters.JUnitReportReporter -->
<testsuite skipped="0" hostname="DESKTOP-DTP0SGS" name="testCases.POST_Create_A_Products" tests="1" failures="0" timestamp="13 Apr 2021 21:33:05 GMT" time="2.406" errors="0">
  <testcase name="create_a_products" time="2.406" classname="testCases.POST_Create_A_Products"/>
</testsuite> <!-- testCases.POST_Create_A_Products -->
