<?xml version="1.0" encoding="UTF-8"?>
<!-- Generated by org.testng.reporters.JUnitReportReporter -->
<testsuite skipped="0" hostname="DESKTOP-DTP0SGS" name="testCases.GET_Read_All_Products" tests="1" failures="0" timestamp="13 Apr 2021 15:17:50 GMT" time="2.233" errors="0">
  <testcase name="read_all_products" time="2.233" classname="testCases.GET_Read_All_Products"/>
</testsuite> <!-- testCases.GET_Read_All_Products -->
