<?xml version="1.0" encoding="UTF-8"?>
<!-- Generated by org.testng.reporters.JUnitReportReporter -->
<testsuite skipped="0" hostname="DESKTOP-DTP0SGS" name="testCases.DELETE_A_Product" tests="1" failures="0" timestamp="2021-04-14T21:23:33 EDT" time="2.873" errors="0">
  <testcase name="delete_a_product" time="2.873" classname="testCases.DELETE_A_Product"/>
  <system-out/>
</testsuite> <!-- testCases.DELETE_A_Product -->
