<?xml version="1.0" encoding="UTF-8"?>
<!-- Generated by org.testng.reporters.JUnitReportReporter -->
<testsuite skipped="0" hostname="DESKTOP-DTP0SGS" name="testCases.PUT_Update_A_Product" tests="1" failures="0" timestamp="2021-04-13T22:48:40 EDT" time="3.547" errors="0">
  <testcase name="update_a_products" time="3.547" classname="testCases.PUT_Update_A_Product"/>
  <system-out/>
</testsuite> <!-- testCases.PUT_Update_A_Product -->
